# JRE version: OpenJDK Runtime Environment (7.0_79-b14) (build 1.7.0_79-b14)
# Java VM: OpenJDK 64-Bit Server VM (24.79-b02 mixed mode linux-amd64 compressed oops)
Heap
 PSYoungGen      total 218624K, used 22620K [0x00000000eaa80000, 0x00000000f9980000, 0x0000000100000000)
  eden space 195584K, 0% used [0x00000000eaa80000,0x00000000eaa80000,0x00000000f6980000)
  from space 23040K, 98% used [0x00000000f6980000,0x00000000f7f97370,0x00000000f8000000)
  to   space 19968K, 0% used [0x00000000f8000000,0x00000000f8000000,0x00000000f9380000)
 ParOldGen       total 60928K, used 36351K [0x00000000c0000000, 0x00000000c3b80000, 0x00000000eaa80000)
  object space 60928K, 59% used [0x00000000c0000000,0x00000000c237fc98,0x00000000c3b80000)
 PSPermGen       total 21504K, used 7783K [0x00000000b5a00000, 0x00000000b6f00000, 0x00000000c0000000)
  object space 21504K, 36% used [0x00000000b5a00000,0x00000000b6199cc0,0x00000000b6f00000)
GC Heap History (10 events):
Event: 7.720 GC heap after
Heap after GC invocations=7 (full 0):
 PSYoungGen      total 71680K, used 9214K [0x00000000eaa80000, 0x00000000f4080000, 0x0000000100000000)
  eden space 62464K, 0% used [0x00000000eaa80000,0x00000000eaa80000,0x00000000ee780000)
  from space 9216K, 99% used [0x00000000ee780000,0x00000000ef07fbe8,0x00000000ef080000)
  to   space 14336K, 0% used [0x00000000f3280000,0x00000000f3280000,0x00000000f4080000)
 ParOldGen       total 41472K, used 21989K [0x00000000c0000000, 0x00000000c2880000, 0x00000000eaa80000)
  object space 41472K, 53% used [0x00000000c0000000,0x00000000c15794e8,0x00000000c2880000)
 PSPermGen       total 21504K, used 7609K [0x00000000b5a00000, 0x00000000b6f00000, 0x00000000c0000000)
  object space 21504K, 35% used [0x00000000b5a00000,0x00000000b616e428,0x00000000b6f00000)
}
Event: 8.413 GC heap before
{Heap before GC invocations=8 (full 0):
 PSYoungGen      total 71680K, used 70371K [0x00000000eaa80000, 0x00000000f4080000, 0x0000000100000000)
  eden space 62464K, 97% used [0x00000000eaa80000,0x00000000ee6391b0,0x00000000ee780000)
  from space 9216K, 99% used [0x00000000ee780000,0x00000000ef07fbe8,0x00000000ef080000)
  to   space 14336K, 0% used [0x00000000f3280000,0x00000000f3280000,0x00000000f4080000)
 ParOldGen       total 41472K, used 21989K [0x00000000c0000000, 0x00000000c2880000, 0x00000000eaa80000)
  object space 41472K, 53% used [0x00000000c0000000,0x00000000c15794e8,0x00000000c2880000)
 PSPermGen       total 21504K, used 7665K [0x00000000b5a00000, 0x00000000b6f00000, 0x00000000c0000000)
  object space 21504K, 35% used [0x00000000b5a00000,0x00000000b617c5a0,0x00000000b6f00000)
Event: 8.469 GC heap after
Heap after GC invocations=8 (full 0):
 PSYoungGen      total 138240K, used 12305K [0x00000000eaa80000, 0x00000000f4280000, 0x0000000100000000)
  eden space 123904K, 0% used [0x00000000eaa80000,0x00000000eaa80000,0x00000000f2380000)
  from space 14336K, 85% used [0x00000000f3280000,0x00000000f3e84698,0x00000000f4080000)
  to   space 15360K, 0% used [0x00000000f2380000,0x00000000f2380000,0x00000000f3280000)
 ParOldGen       total 41472K, used 22450K [0x00000000c0000000, 0x00000000c2880000, 0x00000000eaa80000)
  object space 41472K, 54% used [0x00000000c0000000,0x00000000c15ec938,0x00000000c2880000)
 PSPermGen       total 21504K, used 7665K [0x00000000b5a00000, 0x00000000b6f00000, 0x00000000c0000000)
  object space 21504K, 35% used [0x00000000b5a00000,0x00000000b617c5a0,0x00000000b6f00000)
}
Event: 9.198 GC heap before
{Heap before GC invocations=9 (full 0):
 PSYoungGen      total 138240K, used 136209K [0x00000000eaa80000, 0x00000000f4280000, 0x0000000100000000)
  eden space 123904K, 100% used [0x00000000eaa80000,0x00000000f2380000,0x00000000f2380000)
  from space 14336K, 85% used [0x00000000f3280000,0x00000000f3e84698,0x00000000f4080000)
  to   space 15360K, 0% used [0x00000000f2380000,0x00000000f2380000,0x00000000f3280000)
 ParOldGen       total 41472K, used 22450K [0x00000000c0000000, 0x00000000c2880000, 0x00000000eaa80000)
  object space 41472K, 54% used [0x00000000c0000000,0x00000000c15ec938,0x00000000c2880000)
 PSPermGen       total 21504K, used 7683K [0x00000000b5a00000, 0x00000000b6f00000, 0x00000000c0000000)
  object space 21504K, 35% used [0x00000000b5a00000,0x00000000b6180ef0,0x00000000b6f00000)
Event: 9.217 GC heap after
Heap after GC invocations=9 (full 0):
 PSYoungGen      total 139264K, used 15351K [0x00000000eaa80000, 0x00000000f9380000, 0x0000000100000000)
  eden space 123904K, 0% used [0x00000000eaa80000,0x00000000eaa80000,0x00000000f2380000)
  from space 15360K, 99% used [0x00000000f2380000,0x00000000f327dc20,0x00000000f3280000)
  to   space 19968K, 0% used [0x00000000f8000000,0x00000000f8000000,0x00000000f9380000)
 ParOldGen       total 41472K, used 28244K [0x00000000c0000000, 0x00000000c2880000, 0x00000000eaa80000)
  object space 41472K, 68% used [0x00000000c0000000,0x00000000c1b95398,0x00000000c2880000)
 PSPermGen       total 21504K, used 7683K [0x00000000b5a00000, 0x00000000b6f00000, 0x00000000c0000000)
  object space 21504K, 35% used [0x00000000b5a00000,0x00000000b6180ef0,0x00000000b6f00000)
}
Event: 9.626 GC heap before
{Heap before GC invocations=10 (full 0):
 PSYoungGen      total 139264K, used 139255K [0x00000000eaa80000, 0x00000000f9380000, 0x0000000100000000)
  eden space 123904K, 100% used [0x00000000eaa80000,0x00000000f2380000,0x00000000f2380000)
  from space 15360K, 99% used [0x00000000f2380000,0x00000000f327dc20,0x00000000f3280000)
  to   space 19968K, 0% used [0x00000000f8000000,0x00000000f8000000,0x00000000f9380000)
 ParOldGen       total 41472K, used 28244K [0x00000000c0000000, 0x00000000c2880000, 0x00000000eaa80000)
  object space 41472K, 68% used [0x00000000c0000000,0x00000000c1b95398,0x00000000c2880000)
 PSPermGen       total 21504K, used 7780K [0x00000000b5a00000, 0x00000000b6f00000, 0x00000000c0000000)
  object space 21504K, 36% used [0x00000000b5a00000,0x00000000b6199050,0x00000000b6f00000)
Event: 9.649 GC heap after
Heap after GC invocations=10 (full 0):
 PSYoungGen      total 215552K, used 19682K [0x00000000eaa80000, 0x00000000f9980000, 0x0000000100000000)
  eden space 195584K, 0% used [0x00000000eaa80000,0x00000000eaa80000,0x00000000f6980000)
  from space 19968K, 98% used [0x00000000f8000000,0x00000000f9338a88,0x00000000f9380000)
  to   space 23040K, 0% used [0x00000000f6980000,0x00000000f6980000,0x00000000f8000000)
 ParOldGen       total 41472K, used 39320K [0x00000000c0000000, 0x00000000c2880000, 0x00000000eaa80000)
  object space 41472K, 94% used [0x00000000c0000000,0x00000000c2666090,0x00000000c2880000)
 PSPermGen       total 21504K, used 7780K [0x00000000b5a00000, 0x00000000b6f00000, 0x00000000c0000000)
  object space 21504K, 36% used [0x00000000b5a00000,0x00000000b6199050,0x00000000b6f00000)
}
Event: 9.649 GC heap before
{Heap before GC invocations=11 (full 1):
 PSYoungGen      total 215552K, used 19682K [0x00000000eaa80000, 0x00000000f9980000, 0x0000000100000000)
  eden space 195584K, 0% used [0x00000000eaa80000,0x00000000eaa80000,0x00000000f6980000)
  from space 19968K, 98% used [0x00000000f8000000,0x00000000f9338a88,0x00000000f9380000)
  to   space 23040K, 0% used [0x00000000f6980000,0x00000000f6980000,0x00000000f8000000)
 ParOldGen       total 41472K, used 39320K [0x00000000c0000000, 0x00000000c2880000, 0x00000000eaa80000)
  object space 41472K, 94% used [0x00000000c0000000,0x00000000c2666090,0x00000000c2880000)
 PSPermGen       total 21504K, used 7780K [0x00000000b5a00000, 0x00000000b6f00000, 0x00000000c0000000)
  object space 21504K, 36% used [0x00000000b5a00000,0x00000000b6199050,0x00000000b6f00000)
Event: 9.836 GC heap after
Heap after GC invocations=11 (full 1):
 PSYoungGen      total 215552K, used 0K [0x00000000eaa80000, 0x00000000f9980000, 0x0000000100000000)
  eden space 195584K, 0% used [0x00000000eaa80000,0x00000000eaa80000,0x00000000f6980000)
  from space 19968K, 0% used [0x00000000f8000000,0x00000000f8000000,0x00000000f9380000)
  to   space 23040K, 0% used [0x00000000f6980000,0x00000000f6980000,0x00000000f8000000)
 ParOldGen       total 60928K, used 28768K [0x00000000c0000000, 0x00000000c3b80000, 0x00000000eaa80000)
  object space 60928K, 47% used [0x00000000c0000000,0x00000000c1c18190,0x00000000c3b80000)
 PSPermGen       total 21504K, used 7775K [0x00000000b5a00000, 0x00000000b6f00000, 0x00000000c0000000)
  object space 21504K, 36% used [0x00000000b5a00000,0x00000000b6197ce0,0x00000000b6f00000)
}
Event: 10.396 GC heap before
{Heap before GC invocations=12 (full 1):
 PSYoungGen      total 215552K, used 195584K [0x00000000eaa80000, 0x00000000f9980000, 0x0000000100000000)
  eden space 195584K, 100% used [0x00000000eaa80000,0x00000000f6980000,0x00000000f6980000)
  from space 19968K, 0% used [0x00000000f8000000,0x00000000f8000000,0x00000000f9380000)
  to   space 23040K, 0% used [0x00000000f6980000,0x00000000f6980000,0x00000000f8000000)
 ParOldGen       total 60928K, used 28768K [0x00000000c0000000, 0x00000000c3b80000, 0x00000000eaa80000)
  object space 60928K, 47% used [0x00000000c0000000,0x00000000c1c18190,0x00000000c3b80000)
 PSPermGen       total 21504K, used 7783K [0x00000000b5a00000, 0x00000000b6f00000, 0x00000000c0000000)
  object space 21504K, 36% used [0x00000000b5a00000,0x00000000b6199cc0,0x00000000b6f00000)

