# JRE version: OpenJDK Runtime Environment (7.0_79-b14) (build 1.7.0_79-b14)
# Java VM: OpenJDK 64-Bit Server VM (24.79-b02 mixed mode linux-amd64 compressed oops)
Heap
 PSYoungGen      total 212480K, used 15035K [0x00000000eaa80000, 0x00000000f9080000, 0x0000000100000000)
  eden space 193536K, 0% used [0x00000000eaa80000,0x00000000eaa80000,0x00000000f6780000)
  from space 18944K, 79% used [0x00000000f6780000,0x00000000f762ec60,0x00000000f7a00000)
  to   space 14848K, 0% used [0x00000000f7a00000,0x00000000f7a00000,0x00000000f8880000)
 ParOldGen       total 56832K, used 55664K [0x00000000c0000000, 0x00000000c3780000, 0x00000000eaa80000)
  object space 56832K, 97% used [0x00000000c0000000,0x00000000c365c248,0x00000000c3780000)
 PSPermGen       total 21504K, used 7783K [0x00000000b5a00000, 0x00000000b6f00000, 0x00000000c0000000)
  object space 21504K, 36% used [0x00000000b5a00000,0x00000000b6199ff0,0x00000000b6f00000)
GC Heap History (10 events):
Event: 4.409 GC heap after
Heap after GC invocations=6 (full 0):
 PSYoungGen      total 70656K, used 7808K [0x00000000eaa80000, 0x00000000efa80000, 0x0000000100000000)
  eden space 62464K, 0% used [0x00000000eaa80000,0x00000000eaa80000,0x00000000ee780000)
  from space 8192K, 95% used [0x00000000ef080000,0x00000000ef820000,0x00000000ef880000)
  to   space 9216K, 0% used [0x00000000ee780000,0x00000000ee780000,0x00000000ef080000)
 ParOldGen       total 41472K, used 14650K [0x00000000c0000000, 0x00000000c2880000, 0x00000000eaa80000)
  object space 41472K, 35% used [0x00000000c0000000,0x00000000c0e4ea08,0x00000000c2880000)
 PSPermGen       total 21504K, used 5427K [0x00000000b5a00000, 0x00000000b6f00000, 0x00000000c0000000)
  object space 21504K, 25% used [0x00000000b5a00000,0x00000000b5f4cc50,0x00000000b6f00000)
}
Event: 7.073 GC heap before
{Heap before GC invocations=7 (full 0):
 PSYoungGen      total 70656K, used 70165K [0x00000000eaa80000, 0x00000000efa80000, 0x0000000100000000)
  eden space 62464K, 99% used [0x00000000eaa80000,0x00000000ee765478,0x00000000ee780000)
  from space 8192K, 95% used [0x00000000ef080000,0x00000000ef820000,0x00000000ef880000)
  to   space 9216K, 0% used [0x00000000ee780000,0x00000000ee780000,0x00000000ef080000)
 ParOldGen       total 41472K, used 14650K [0x00000000c0000000, 0x00000000c2880000, 0x00000000eaa80000)
  object space 41472K, 35% used [0x00000000c0000000,0x00000000c0e4ea08,0x00000000c2880000)
 PSPermGen       total 21504K, used 7605K [0x00000000b5a00000, 0x00000000b6f00000, 0x00000000c0000000)
  object space 21504K, 35% used [0x00000000b5a00000,0x00000000b616d440,0x00000000b6f00000)
Event: 7.143 GC heap after
Heap after GC invocations=7 (full 0):
 PSYoungGen      total 71680K, used 9194K [0x00000000eaa80000, 0x00000000f3f80000, 0x0000000100000000)
  eden space 62464K, 0% used [0x00000000eaa80000,0x00000000eaa80000,0x00000000ee780000)
  from space 9216K, 99% used [0x00000000ee780000,0x00000000ef07aa40,0x00000000ef080000)
  to   space 13824K, 0% used [0x00000000f3200000,0x00000000f3200000,0x00000000f3f80000)
 ParOldGen       total 41472K, used 21434K [0x00000000c0000000, 0x00000000c2880000, 0x00000000eaa80000)
  object space 41472K, 51% used [0x00000000c0000000,0x00000000c14ee960,0x00000000c2880000)
 PSPermGen       total 21504K, used 7605K [0x00000000b5a00000, 0x00000000b6f00000, 0x00000000c0000000)
  object space 21504K, 35% used [0x00000000b5a00000,0x00000000b616d440,0x00000000b6f00000)
}
Event: 7.817 GC heap before
{Heap before GC invocations=8 (full 0):
 PSYoungGen      total 71680K, used 71658K [0x00000000eaa80000, 0x00000000f3f80000, 0x0000000100000000)
  eden space 62464K, 100% used [0x00000000eaa80000,0x00000000ee780000,0x00000000ee780000)
  from space 9216K, 99% used [0x00000000ee780000,0x00000000ef07aa40,0x00000000ef080000)
  to   space 13824K, 0% used [0x00000000f3200000,0x00000000f3200000,0x00000000f3f80000)
 ParOldGen       total 41472K, used 21434K [0x00000000c0000000, 0x00000000c2880000, 0x00000000eaa80000)
  object space 41472K, 51% used [0x00000000c0000000,0x00000000c14ee960,0x00000000c2880000)
 PSPermGen       total 21504K, used 7661K [0x00000000b5a00000, 0x00000000b6f00000, 0x00000000c0000000)
  object space 21504K, 35% used [0x00000000b5a00000,0x00000000b617b540,0x00000000b6f00000)
Event: 7.865 GC heap after
Heap after GC invocations=8 (full 0):
 PSYoungGen      total 137216K, used 12642K [0x00000000eaa80000, 0x00000000f4280000, 0x0000000100000000)
  eden space 123392K, 0% used [0x00000000eaa80000,0x00000000eaa80000,0x00000000f2300000)
  from space 13824K, 91% used [0x00000000f3200000,0x00000000f3e58940,0x00000000f3f80000)
  to   space 15360K, 0% used [0x00000000f2300000,0x00000000f2300000,0x00000000f3200000)
 ParOldGen       total 41472K, used 21807K [0x00000000c0000000, 0x00000000c2880000, 0x00000000eaa80000)
  object space 41472K, 52% used [0x00000000c0000000,0x00000000c154bd48,0x00000000c2880000)
 PSPermGen       total 21504K, used 7661K [0x00000000b5a00000, 0x00000000b6f00000, 0x00000000c0000000)
  object space 21504K, 35% used [0x00000000b5a00000,0x00000000b617b540,0x00000000b6f00000)
}
Event: 8.634 GC heap before
{Heap before GC invocations=9 (full 0):
 PSYoungGen      total 137216K, used 136026K [0x00000000eaa80000, 0x00000000f4280000, 0x0000000100000000)
  eden space 123392K, 99% used [0x00000000eaa80000,0x00000000f22fe070,0x00000000f2300000)
  from space 13824K, 91% used [0x00000000f3200000,0x00000000f3e58940,0x00000000f3f80000)
  to   space 15360K, 0% used [0x00000000f2300000,0x00000000f2300000,0x00000000f3200000)
 ParOldGen       total 41472K, used 21807K [0x00000000c0000000, 0x00000000c2880000, 0x00000000eaa80000)
  object space 41472K, 52% used [0x00000000c0000000,0x00000000c154bd48,0x00000000c2880000)
 PSPermGen       total 21504K, used 7768K [0x00000000b5a00000, 0x00000000b6f00000, 0x00000000c0000000)
  object space 21504K, 36% used [0x00000000b5a00000,0x00000000b6196238,0x00000000b6f00000)
Event: 8.658 GC heap after
Heap after GC invocations=9 (full 0):
 PSYoungGen      total 138752K, used 7168K [0x00000000eaa80000, 0x00000000f8880000, 0x0000000100000000)
  eden space 123392K, 0% used [0x00000000eaa80000,0x00000000eaa80000,0x00000000f2300000)
  from space 15360K, 46% used [0x00000000f2300000,0x00000000f2a00148,0x00000000f3200000)
  to   space 14848K, 0% used [0x00000000f7a00000,0x00000000f7a00000,0x00000000f8880000)
 ParOldGen       total 41472K, used 24513K [0x00000000c0000000, 0x00000000c2880000, 0x00000000eaa80000)
  object space 41472K, 59% used [0x00000000c0000000,0x00000000c17f0450,0x00000000c2880000)
 PSPermGen       total 21504K, used 7768K [0x00000000b5a00000, 0x00000000b6f00000, 0x00000000c0000000)
  object space 21504K, 36% used [0x00000000b5a00000,0x00000000b6196238,0x00000000b6f00000)
}
Event: 9.013 GC heap before
{Heap before GC invocations=10 (full 0):
 PSYoungGen      total 138752K, used 130560K [0x00000000eaa80000, 0x00000000f8880000, 0x0000000100000000)
  eden space 123392K, 100% used [0x00000000eaa80000,0x00000000f2300000,0x00000000f2300000)
  from space 15360K, 46% used [0x00000000f2300000,0x00000000f2a00148,0x00000000f3200000)
  to   space 14848K, 0% used [0x00000000f7a00000,0x00000000f7a00000,0x00000000f8880000)
 ParOldGen       total 41472K, used 24513K [0x00000000c0000000, 0x00000000c2880000, 0x00000000eaa80000)
  object space 41472K, 59% used [0x00000000c0000000,0x00000000c17f0450,0x00000000c2880000)
 PSPermGen       total 21504K, used 7776K [0x00000000b5a00000, 0x00000000b6f00000, 0x00000000c0000000)
  object space 21504K, 36% used [0x00000000b5a00000,0x00000000b61980d8,0x00000000b6f00000)
Event: 9.039 GC heap after
Heap after GC invocations=10 (full 0):
 PSYoungGen      total 208384K, used 14833K [0x00000000eaa80000, 0x00000000f9080000, 0x0000000100000000)
  eden space 193536K, 0% used [0x00000000eaa80000,0x00000000eaa80000,0x00000000f6780000)
  from space 14848K, 99% used [0x00000000f7a00000,0x00000000f887c528,0x00000000f8880000)
  to   space 18944K, 0% used [0x00000000f6780000,0x00000000f6780000,0x00000000f7a00000)
 ParOldGen       total 41472K, used 29963K [0x00000000c0000000, 0x00000000c2880000, 0x00000000eaa80000)
  object space 41472K, 72% used [0x00000000c0000000,0x00000000c1d42c10,0x00000000c2880000)
 PSPermGen       total 21504K, used 7776K [0x00000000b5a00000, 0x00000000b6f00000, 0x00000000c0000000)
  object space 21504K, 36% used [0x00000000b5a00000,0x00000000b61980d8,0x00000000b6f00000)
}
Event: 9.625 GC heap before
{Heap before GC invocations=11 (full 0):
 PSYoungGen      total 208384K, used 208369K [0x00000000eaa80000, 0x00000000f9080000, 0x0000000100000000)
  eden space 193536K, 100% used [0x00000000eaa80000,0x00000000f6780000,0x00000000f6780000)
  from space 14848K, 99% used [0x00000000f7a00000,0x00000000f887c528,0x00000000f8880000)
  to   space 18944K, 0% used [0x00000000f6780000,0x00000000f6780000,0x00000000f7a00000)
 ParOldGen       total 41472K, used 29963K [0x00000000c0000000, 0x00000000c2880000, 0x00000000eaa80000)
  object space 41472K, 72% used [0x00000000c0000000,0x00000000c1d42c10,0x00000000c2880000)
 PSPermGen       total 21504K, used 7783K [0x00000000b5a00000, 0x00000000b6f00000, 0x00000000c0000000)
  object space 21504K, 36% used [0x00000000b5a00000,0x00000000b6199ff0,0x00000000b6f00000)

