# JRE version: OpenJDK Runtime Environment (7.0_79-b14) (build 1.7.0_79-b14)
# Java VM: OpenJDK 64-Bit Server VM (24.79-b02 mixed mode linux-amd64 compressed oops)
Heap
 PSYoungGen      total 217600K, used 17928K [0x00000000eaa80000, 0x00000000f9400000, 0x0000000100000000)
  eden space 198144K, 0% used [0x00000000eaa80000,0x00000000eaa80000,0x00000000f6c00000)
  from space 19456K, 92% used [0x00000000f6c00000,0x00000000f7d82218,0x00000000f7f00000)
  to   space 17408K, 0% used [0x00000000f7f00000,0x00000000f7f00000,0x00000000f9000000)
 ParOldGen       total 58880K, used 56835K [0x00000000c0000000, 0x00000000c3980000, 0x00000000eaa80000)
  object space 58880K, 96% used [0x00000000c0000000,0x00000000c3780d10,0x00000000c3980000)
 PSPermGen       total 21504K, used 7789K [0x00000000b5a00000, 0x00000000b6f00000, 0x00000000c0000000)
  object space 21504K, 36% used [0x00000000b5a00000,0x00000000b619b4c8,0x00000000b6f00000)
GC Heap History (10 events):
Event: 5.257 GC heap after
Heap after GC invocations=6 (full 0):
 PSYoungGen      total 70656K, used 7648K [0x00000000eaa80000, 0x00000000efa80000, 0x0000000100000000)
  eden space 62464K, 0% used [0x00000000eaa80000,0x00000000eaa80000,0x00000000ee780000)
  from space 8192K, 93% used [0x00000000ef080000,0x00000000ef7f8000,0x00000000ef880000)
  to   space 9216K, 0% used [0x00000000ee780000,0x00000000ee780000,0x00000000ef080000)
 ParOldGen       total 41472K, used 14524K [0x00000000c0000000, 0x00000000c2880000, 0x00000000eaa80000)
  object space 41472K, 35% used [0x00000000c0000000,0x00000000c0e2f328,0x00000000c2880000)
 PSPermGen       total 21504K, used 5429K [0x00000000b5a00000, 0x00000000b6f00000, 0x00000000c0000000)
  object space 21504K, 25% used [0x00000000b5a00000,0x00000000b5f4d728,0x00000000b6f00000)
}
Event: 8.210 GC heap before
{Heap before GC invocations=7 (full 0):
 PSYoungGen      total 70656K, used 70112K [0x00000000eaa80000, 0x00000000efa80000, 0x0000000100000000)
  eden space 62464K, 100% used [0x00000000eaa80000,0x00000000ee780000,0x00000000ee780000)
  from space 8192K, 93% used [0x00000000ef080000,0x00000000ef7f8000,0x00000000ef880000)
  to   space 9216K, 0% used [0x00000000ee780000,0x00000000ee780000,0x00000000ef080000)
 ParOldGen       total 41472K, used 14524K [0x00000000c0000000, 0x00000000c2880000, 0x00000000eaa80000)
  object space 41472K, 35% used [0x00000000c0000000,0x00000000c0e2f328,0x00000000c2880000)
 PSPermGen       total 21504K, used 7610K [0x00000000b5a00000, 0x00000000b6f00000, 0x00000000c0000000)
  object space 21504K, 35% used [0x00000000b5a00000,0x00000000b616e8c0,0x00000000b6f00000)
Event: 8.251 GC heap after
Heap after GC invocations=7 (full 0):
 PSYoungGen      total 71680K, used 9202K [0x00000000eaa80000, 0x00000000f4080000, 0x0000000100000000)
  eden space 62464K, 0% used [0x00000000eaa80000,0x00000000eaa80000,0x00000000ee780000)
  from space 9216K, 99% used [0x00000000ee780000,0x00000000ef07caa8,0x00000000ef080000)
  to   space 14336K, 0% used [0x00000000f3280000,0x00000000f3280000,0x00000000f4080000)
 ParOldGen       total 41472K, used 22231K [0x00000000c0000000, 0x00000000c2880000, 0x00000000eaa80000)
  object space 41472K, 53% used [0x00000000c0000000,0x00000000c15b5e18,0x00000000c2880000)
 PSPermGen       total 21504K, used 7610K [0x00000000b5a00000, 0x00000000b6f00000, 0x00000000c0000000)
  object space 21504K, 35% used [0x00000000b5a00000,0x00000000b616e8c0,0x00000000b6f00000)
}
Event: 8.914 GC heap before
{Heap before GC invocations=8 (full 0):
 PSYoungGen      total 71680K, used 70357K [0x00000000eaa80000, 0x00000000f4080000, 0x0000000100000000)
  eden space 62464K, 97% used [0x00000000eaa80000,0x00000000ee638c98,0x00000000ee780000)
  from space 9216K, 99% used [0x00000000ee780000,0x00000000ef07caa8,0x00000000ef080000)
  to   space 14336K, 0% used [0x00000000f3280000,0x00000000f3280000,0x00000000f4080000)
 ParOldGen       total 41472K, used 22231K [0x00000000c0000000, 0x00000000c2880000, 0x00000000eaa80000)
  object space 41472K, 53% used [0x00000000c0000000,0x00000000c15b5e18,0x00000000c2880000)
 PSPermGen       total 21504K, used 7666K [0x00000000b5a00000, 0x00000000b6f00000, 0x00000000c0000000)
  object space 21504K, 35% used [0x00000000b5a00000,0x00000000b617ca38,0x00000000b6f00000)
Event: 8.934 GC heap after
Heap after GC invocations=8 (full 0):
 PSYoungGen      total 139264K, used 8963K [0x00000000eaa80000, 0x00000000f4080000, 0x0000000100000000)
  eden space 124928K, 0% used [0x00000000eaa80000,0x00000000eaa80000,0x00000000f2480000)
  from space 14336K, 62% used [0x00000000f3280000,0x00000000f3b40f90,0x00000000f4080000)
  to   space 14336K, 0% used [0x00000000f2480000,0x00000000f2480000,0x00000000f3280000)
 ParOldGen       total 41472K, used 22821K [0x00000000c0000000, 0x00000000c2880000, 0x00000000eaa80000)
  object space 41472K, 55% used [0x00000000c0000000,0x00000000c16494e8,0x00000000c2880000)
 PSPermGen       total 21504K, used 7666K [0x00000000b5a00000, 0x00000000b6f00000, 0x00000000c0000000)
  object space 21504K, 35% used [0x00000000b5a00000,0x00000000b617ca38,0x00000000b6f00000)
}
Event: 9.671 GC heap before
{Heap before GC invocations=9 (full 0):
 PSYoungGen      total 139264K, used 133891K [0x00000000eaa80000, 0x00000000f4080000, 0x0000000100000000)
  eden space 124928K, 100% used [0x00000000eaa80000,0x00000000f2480000,0x00000000f2480000)
  from space 14336K, 62% used [0x00000000f3280000,0x00000000f3b40f90,0x00000000f4080000)
  to   space 14336K, 0% used [0x00000000f2480000,0x00000000f2480000,0x00000000f3280000)
 ParOldGen       total 41472K, used 22821K [0x00000000c0000000, 0x00000000c2880000, 0x00000000eaa80000)
  object space 41472K, 55% used [0x00000000c0000000,0x00000000c16494e8,0x00000000c2880000)
 PSPermGen       total 21504K, used 7684K [0x00000000b5a00000, 0x00000000b6f00000, 0x00000000c0000000)
  object space 21504K, 35% used [0x00000000b5a00000,0x00000000b6181388,0x00000000b6f00000)
Event: 9.701 GC heap after
Heap after GC invocations=9 (full 0):
 PSYoungGen      total 139264K, used 14332K [0x00000000eaa80000, 0x00000000f9000000, 0x0000000100000000)
  eden space 124928K, 0% used [0x00000000eaa80000,0x00000000eaa80000,0x00000000f2480000)
  from space 14336K, 99% used [0x00000000f2480000,0x00000000f327f058,0x00000000f3280000)
  to   space 17408K, 0% used [0x00000000f7f00000,0x00000000f7f00000,0x00000000f9000000)
 ParOldGen       total 41472K, used 26241K [0x00000000c0000000, 0x00000000c2880000, 0x00000000eaa80000)
  object space 41472K, 63% used [0x00000000c0000000,0x00000000c19a0730,0x00000000c2880000)
 PSPermGen       total 21504K, used 7684K [0x00000000b5a00000, 0x00000000b6f00000, 0x00000000c0000000)
  object space 21504K, 35% used [0x00000000b5a00000,0x00000000b6181388,0x00000000b6f00000)
}
Event: 10.195 GC heap before
{Heap before GC invocations=10 (full 0):
 PSYoungGen      total 139264K, used 139260K [0x00000000eaa80000, 0x00000000f9000000, 0x0000000100000000)
  eden space 124928K, 100% used [0x00000000eaa80000,0x00000000f2480000,0x00000000f2480000)
  from space 14336K, 99% used [0x00000000f2480000,0x00000000f327f058,0x00000000f3280000)
  to   space 17408K, 0% used [0x00000000f7f00000,0x00000000f7f00000,0x00000000f9000000)
 ParOldGen       total 41472K, used 26241K [0x00000000c0000000, 0x00000000c2880000, 0x00000000eaa80000)
  object space 41472K, 63% used [0x00000000c0000000,0x00000000c19a0730,0x00000000c2880000)
 PSPermGen       total 21504K, used 7781K [0x00000000b5a00000, 0x00000000b6f00000, 0x00000000c0000000)
  object space 21504K, 36% used [0x00000000b5a00000,0x00000000b61994e8,0x00000000b6f00000)
Event: 10.248 GC heap after
Heap after GC invocations=10 (full 0):
 PSYoungGen      total 215552K, used 15801K [0x00000000eaa80000, 0x00000000f9400000, 0x0000000100000000)
  eden space 198144K, 0% used [0x00000000eaa80000,0x00000000eaa80000,0x00000000f6c00000)
  from space 17408K, 90% used [0x00000000f7f00000,0x00000000f8e6e7d0,0x00000000f9000000)
  to   space 19456K, 0% used [0x00000000f6c00000,0x00000000f6c00000,0x00000000f7f00000)
 ParOldGen       total 41472K, used 32936K [0x00000000c0000000, 0x00000000c2880000, 0x00000000eaa80000)
  object space 41472K, 79% used [0x00000000c0000000,0x00000000c202a3b8,0x00000000c2880000)
 PSPermGen       total 21504K, used 7781K [0x00000000b5a00000, 0x00000000b6f00000, 0x00000000c0000000)
  object space 21504K, 36% used [0x00000000b5a00000,0x00000000b61994e8,0x00000000b6f00000)
}
Event: 10.862 GC heap before
{Heap before GC invocations=11 (full 0):
 PSYoungGen      total 215552K, used 213945K [0x00000000eaa80000, 0x00000000f9400000, 0x0000000100000000)
  eden space 198144K, 100% used [0x00000000eaa80000,0x00000000f6c00000,0x00000000f6c00000)
  from space 17408K, 90% used [0x00000000f7f00000,0x00000000f8e6e7d0,0x00000000f9000000)
  to   space 19456K, 0% used [0x00000000f6c00000,0x00000000f6c00000,0x00000000f7f00000)
 ParOldGen       total 41472K, used 32936K [0x00000000c0000000, 0x00000000c2880000, 0x00000000eaa80000)
  object space 41472K, 79% used [0x00000000c0000000,0x00000000c202a3b8,0x00000000c2880000)
 PSPermGen       total 21504K, used 7789K [0x00000000b5a00000, 0x00000000b6f00000, 0x00000000c0000000)
  object space 21504K, 36% used [0x00000000b5a00000,0x00000000b619b4c8,0x00000000b6f00000)

